<?xml version="1.0" encoding="UTF-8"?>
<!-- Generated by org.testng.reporters.JUnitReportReporter -->
<testsuite skipped="0" hostname="M497" name="com.qa.crm.testcases.CreateDealPageTest" tests="1" failures="0" timestamp="03 Apr 2019 04:38:06 GMT" time="15.609" errors="0">
  <testcase name="CreateDealTest" time="15.609" classname="com.qa.crm.testcases.CreateDealPageTest"/>
</testsuite> <!-- com.qa.crm.testcases.CreateDealPageTest -->
