<?xml version="1.0" encoding="UTF-8"?>
<!-- Generated by org.testng.reporters.JUnitReportReporter -->
<testsuite skipped="0" hostname="M497" name="com.qa.crm.testcases.LoginPageTest" tests="2" failures="0" timestamp="02 Sep 2019 01:39:06 GMT" time="33.612" errors="0">
  <testcase name="LoginPageEnterTest" time="16.855" classname="com.qa.crm.testcases.LoginPageTest"/>
  <testcase name="LoginPageEnterTest1" time="16.757" classname="com.qa.crm.testcases.LoginPageTest"/>
</testsuite> <!-- com.qa.crm.testcases.LoginPageTest -->
