<?xml version="1.0" encoding="UTF-8"?>
<!-- Generated by org.testng.reporters.JUnitReportReporter -->
<testsuite skipped="0" hostname="M497" name="com.qa.crm.testcases.HomePageTest" tests="1" failures="0" timestamp="05 Mar 2019 17:41:12 GMT" time="10.239" errors="0">
  <testcase name="clickDealTest" time="10.239" classname="com.qa.crm.testcases.HomePageTest"/>
</testsuite> <!-- com.qa.crm.testcases.HomePageTest -->
