<?xml version="1.0" encoding="UTF-8"?>
<!-- Generated by org.testng.reporters.JUnitReportReporter -->
<testsuite skipped="0" hostname="M497" name="com.qa.crm.testcases.DataProvidertest" tests="5" failures="0" timestamp="08 Sep 2019 00:00:23 GMT" time="0.009" errors="0">
  <testcase name="ReadData" time="0.006" classname="com.qa.crm.testcases.DataProvidertest"/>
  <testcase name="ReadData" time="0.001" classname="com.qa.crm.testcases.DataProvidertest"/>
  <testcase name="ReadData" time="0.000" classname="com.qa.crm.testcases.DataProvidertest"/>
  <testcase name="ReadData" time="0.001" classname="com.qa.crm.testcases.DataProvidertest"/>
  <testcase name="ReadData" time="0.001" classname="com.qa.crm.testcases.DataProvidertest"/>
</testsuite> <!-- com.qa.crm.testcases.DataProvidertest -->
