<?xml version="1.0" encoding="UTF-8"?>
<!-- Generated by org.testng.reporters.JUnitReportReporter -->
<testsuite skipped="0" hostname="M497" name="com.qa.crm.testcases.CreateDealPageTest" tests="1" failures="0" timestamp="08 Mar 2019 06:50:01 GMT" time="12.610" errors="0">
  <testcase name="CreateDealTest" time="12.610" classname="com.qa.crm.testcases.CreateDealPageTest"/>
</testsuite> <!-- com.qa.crm.testcases.CreateDealPageTest -->
