<?xml version="1.0" encoding="UTF-8"?>
<!-- Generated by org.testng.reporters.JUnitReportReporter -->
<testsuite skipped="0" hostname="M497" name="com.qa.crm.testcases.GetDataReader" tests="1" failures="0" timestamp="07 Sep 2019 17:48:03 GMT" time="0.009" errors="0">
  <testcase name="test" time="0.009" classname="com.qa.crm.testcases.GetDataReader"/>
</testsuite> <!-- com.qa.crm.testcases.GetDataReader -->
