<?xml version="1.0" encoding="UTF-8"?>
<!-- Generated by org.testng.reporters.JUnitReportReporter -->
<testsuite skipped="0" hostname="M497" name="com.qa.crm.testcases.LoginPageTest" tests="1" failures="0" timestamp="05 Mar 2019 00:10:13 GMT" time="6.105" errors="0">
  <testcase name="LoginPageEnterTest" time="6.105" classname="com.qa.crm.testcases.LoginPageTest"/>
</testsuite> <!-- com.qa.crm.testcases.LoginPageTest -->
