<?xml version="1.0" encoding="UTF-8"?>
<!-- Generated by org.testng.reporters.JUnitReportReporter -->
<testsuite skipped="0" hostname="M497" name="com.qa.crm.testcases.StartDocker" tests="1" failures="0" timestamp="06 Sep 2019 04:59:49 GMT" time="0.008" errors="0">
  <testcase name="test" time="0.008" classname="com.qa.crm.testcases.StartDocker"/>
</testsuite> <!-- com.qa.crm.testcases.StartDocker -->
